<?xml version="1.0" encoding="UTF-8"?>
<robot generator="Robot 3.1 (Python 3.7.1 on win32)" generated="20190304 17:17:06.147" rpa="false">
<suite id="s1" name="KOLEA-AQUA" source="C:\Users\kuraroa\workspace\KOLEA-AQUA">
<suite id="s1-s1" name="Smoke-Test" source="C:\Users\kuraroa\workspace\KOLEA-AQUA\Smoke-Test.robot">
<test id="s1-s1-t1" name="LifeRay App Intake">
<kw name="Open Home Page" library="KOLEA_Key_Words" type="setup">
<arguments>
<arg>${Value_LifeRay}</arg>
</arguments>
<kw name="Run Keyword If" library="BuiltIn">
<doc>Runs the given keyword with the given arguments, if ``condition`` is true.</doc>
<arguments>
<arg>'${Application}'=='${Value_Siebel}'</arg>
<arg>Open Siebel Home Page</arg>
</arguments>
<status status="PASS" starttime="20190304 17:17:07.119" endtime="20190304 17:17:07.120"></status>
</kw>
<kw name="Run Keyword If" library="BuiltIn">
<doc>Runs the given keyword with the given arguments, if ``condition`` is true.</doc>
<arguments>
<arg>'${Application}'=='${Value_LifeRay}'</arg>
<arg>Open LifeRay Home Page</arg>
</arguments>
<kw name="Open LifeRay Home Page" library="KOLEA_Key_Words">
<kw name="Open Browser" library="SeleniumLibrary">
<doc>Opens a new browser instance to the given ``url``.</doc>
<arguments>
<arg>${URL_LifeRay}</arg>
<arg>${BROWSER_RANDOM}</arg>
</arguments>
<msg timestamp="20190304 17:17:07.123" level="INFO">Opening browser 'ff' to base url 'https://uat02web.dhsie.hawaii.gov/web/kolea/home-page?'.</msg>
<status status="PASS" starttime="20190304 17:17:07.123" endtime="20190304 17:17:21.036"></status>
</kw>
<kw name="Set Selenium Speed" library="SeleniumLibrary">
<doc>Sets the delay that is waited after each Selenium command.</doc>
<arguments>
<arg>${Selenium_Speed}</arg>
</arguments>
<status status="PASS" starttime="20190304 17:17:21.037" endtime="20190304 17:17:21.038"></status>
</kw>
<kw name="Wait for LifeRay Home Page" library="KOLEA_Key_Words">
<kw name="Wait Until Element Is Visible" library="SeleniumLibrary">
<doc>Waits until element ``locator`` is visible.</doc>
<arguments>
<arg>${Path_LifeRay_Home_Page_Footer}</arg>
<arg>${Wait_10_Sec}</arg>
</arguments>
<status status="PASS" starttime="20190304 17:17:21.039" endtime="20190304 17:17:21.121"></status>
</kw>
<status status="PASS" starttime="20190304 17:17:21.038" endtime="20190304 17:17:21.121"></status>
</kw>
<kw name="Validate LifeRay Home Page" library="KOLEA_Key_Words">
<kw name="Should Have Image Large KOLEA Logo" library="KOLEA_Key_Words">
<kw name="Page Should Contain Image" library="SeleniumLibrary">
<doc>Verifies image identified by ``locator`` is found from current page.</doc>
<arguments>
<arg>${URL_Hawaii_Large_Logo}</arg>
</arguments>
<msg timestamp="20190304 17:17:21.141" level="INFO">Current page contains image 'https://uat02web.dhsie.hawaii.gov/hawaiiHIX/images/onegate/logo2.png'.</msg>
<status status="PASS" starttime="20190304 17:17:21.124" endtime="20190304 17:17:21.142"></status>
</kw>
<status status="PASS" starttime="20190304 17:17:21.123" endtime="20190304 17:17:21.143"></status>
</kw>
<kw name="Should Have Button" library="KOLEA_Key_Words">
<arguments>
<arg>${Value_Pre_Assessment}</arg>
</arguments>
<kw name="Page Should Contain Button" library="SeleniumLibrary">
<doc>Verifies button ``locator`` is found from current page.</doc>
<arguments>
<arg>${Button_Value}</arg>
</arguments>
<msg timestamp="20190304 17:17:21.162" level="INFO">Current page contains input 'Pre-Assessment'.</msg>
<status status="PASS" starttime="20190304 17:17:21.144" endtime="20190304 17:17:21.163"></status>
</kw>
<status status="PASS" starttime="20190304 17:17:21.143" endtime="20190304 17:17:21.164"></status>
</kw>
<kw name="Should Have Button" library="KOLEA_Key_Words">
<arguments>
<arg>${Value_Sign_In}</arg>
</arguments>
<kw name="Page Should Contain Button" library="SeleniumLibrary">
<doc>Verifies button ``locator`` is found from current page.</doc>
<arguments>
<arg>${Button_Value}</arg>
</arguments>
<msg timestamp="20190304 17:17:21.178" level="INFO">Current page contains input 'Sign In'.</msg>
<status status="PASS" starttime="20190304 17:17:21.166" endtime="20190304 17:17:21.178"></status>
</kw>
<status status="PASS" starttime="20190304 17:17:21.165" endtime="20190304 17:17:21.179"></status>
</kw>
<kw name="Should Have Button" library="KOLEA_Key_Words">
<arguments>
<arg>${Value_Apply_Now}</arg>
</arguments>
<kw name="Page Should Contain Button" library="SeleniumLibrary">
<doc>Verifies button ``locator`` is found from current page.</doc>
<arguments>
<arg>${Button_Value}</arg>
</arguments>
<msg timestamp="20190304 17:17:21.193" level="INFO">Current page contains input 'Apply Now'.</msg>
<status status="PASS" starttime="20190304 17:17:21.180" endtime="20190304 17:17:21.194"></status>
</kw>
<status status="PASS" starttime="20190304 17:17:21.179" endtime="20190304 17:17:21.194"></status>
</kw>
<kw name="Should Have Button" library="KOLEA_Key_Words">
<arguments>
<arg>${Value_Register_Now}</arg>
</arguments>
<kw name="Page Should Contain Button" library="SeleniumLibrary">
<doc>Verifies button ``locator`` is found from current page.</doc>
<arguments>
<arg>${Button_Value}</arg>
</arguments>
<msg timestamp="20190304 17:17:21.210" level="INFO">Current page contains input 'Register Now'.</msg>
<status status="PASS" starttime="20190304 17:17:21.195" endtime="20190304 17:17:21.211"></status>
</kw>
<status status="PASS" starttime="20190304 17:17:21.194" endtime="20190304 17:17:21.211"></status>
</kw>
<status status="PASS" starttime="20190304 17:17:21.122" endtime="20190304 17:17:21.212"></status>
</kw>
<status status="PASS" starttime="20190304 17:17:07.122" endtime="20190304 17:17:21.212"></status>
</kw>
<status status="PASS" starttime="20190304 17:17:07.121" endtime="20190304 17:17:21.212"></status>
</kw>
<kw name="Run Keyword If" library="BuiltIn">
<doc>Runs the given keyword with the given arguments, if ``condition`` is true.</doc>
<arguments>
<arg>'${Application}'=='${Value_IDM}'</arg>
<arg>Open IDM Home Page</arg>
</arguments>
<status status="PASS" starttime="20190304 17:17:21.213" endtime="20190304 17:17:21.214"></status>
</kw>
<kw name="Maximize Window" library="KOLEA_Key_Words">
<kw name="Maximize Browser Window" library="SeleniumLibrary">
<doc>Maximizes current browser window.</doc>
<status status="PASS" starttime="20190304 17:17:21.215" endtime="20190304 17:17:21.222"></status>
</kw>
<status status="PASS" starttime="20190304 17:17:21.214" endtime="20190304 17:17:21.222"></status>
</kw>
<status status="PASS" starttime="20190304 17:17:07.118" endtime="20190304 17:17:21.223"></status>
</kw>
<kw name="LifeRay Self Assessment">
<tags>
<tag>DataDriven</tag>
<tag>LifeRay</tag>
<tag>Smoke_Test</tag>
</tags>
<arguments>
<arg>Click Apply Now</arg>
</arguments>
<msg timestamp="20190304 17:17:21.224" level="FAIL">Keyword 'LifeRay Self Assessment' expected 7 arguments, got 1.</msg>
<status status="FAIL" starttime="20190304 17:17:21.223" endtime="20190304 17:17:21.224"></status>
</kw>
<kw name="Close Browser" library="SeleniumLibrary" type="teardown">
<doc>Closes the current browser.</doc>
<status status="PASS" starttime="20190304 17:17:21.225" endtime="20190304 17:17:22.346"></status>
</kw>
<doc>Life ray Application intake.
Test driven way of reading from the excel sheet</doc>
<tags>
<tag>App Intake</tag>
<tag>Excel</tag>
<tag>IDM_Test</tag>
<tag>LifeRay</tag>
</tags>
<status status="FAIL" starttime="20190304 17:17:07.116" endtime="20190304 17:17:22.346" critical="yes">Keyword 'LifeRay Self Assessment' expected 7 arguments, got 1.</status>
</test>
<status status="FAIL" starttime="20190304 17:17:06.230" endtime="20190304 17:17:22.349"></status>
</suite>
<status status="FAIL" starttime="20190304 17:17:06.189" endtime="20190304 17:17:22.353"></status>
</suite>
<statistics>
<total>
<stat pass="0" fail="1">Critical Tests</stat>
<stat pass="0" fail="1">All Tests</stat>
</total>
<tag>
<stat pass="0" fail="1">App Intake</stat>
<stat pass="0" fail="1">Excel</stat>
<stat pass="0" fail="1">IDM_Test</stat>
<stat pass="0" fail="1">LifeRay</stat>
</tag>
<suite>
<stat pass="0" fail="1" id="s1" name="KOLEA-AQUA">KOLEA-AQUA</stat>
<stat pass="0" fail="1" id="s1-s1" name="Smoke-Test">KOLEA-AQUA.Smoke-Test</stat>
</suite>
</statistics>
<errors>
</errors>
</robot>
