<?xml version="1.0" encoding="UTF-8"?>
<robot generator="Robot 3.1 (Python 3.7.1 on win32)" generated="20190305 01:23:54.230" rpa="false">
<suite id="s1" name="KOLEA-AQUA" source="C:\Users\kuraroa\git\Unisys-Robot-QA-Automation\KOLEA-AQUA">
<suite id="s1-s1" name="Smoke-Test" source="C:\Users\kuraroa\git\Unisys-Robot-QA-Automation\KOLEA-AQUA\Smoke-Test.robot">
<test id="s1-s1-t1" name="LifeRay App Intake">
<kw name="Open Home Page" library="KOLEA_Key_Words" type="setup">
<arguments>
<arg>${Value_LifeRay}</arg>
</arguments>
<kw name="Run Keyword If" library="BuiltIn">
<doc>Runs the given keyword with the given arguments, if ``condition`` is true.</doc>
<arguments>
<arg>'${Application}'=='${Value_Siebel}'</arg>
<arg>Open Siebel Home Page</arg>
</arguments>
<status status="PASS" starttime="20190305 01:23:55.287" endtime="20190305 01:23:55.287"></status>
</kw>
<kw name="Run Keyword If" library="BuiltIn">
<doc>Runs the given keyword with the given arguments, if ``condition`` is true.</doc>
<arguments>
<arg>'${Application}'=='${Value_LifeRay}'</arg>
<arg>Open LifeRay Home Page</arg>
</arguments>
<kw name="Open LifeRay Home Page" library="KOLEA_Key_Words">
<kw name="Open Browser" library="SeleniumLibrary">
<doc>Opens a new browser instance to the given ``url``.</doc>
<arguments>
<arg>${URL_LifeRay}</arg>
<arg>${BROWSER_RANDOM}</arg>
</arguments>
<msg timestamp="20190305 01:23:55.291" level="INFO">Opening browser 'Chrome' to base url 'https://uat02web.dhsie.hawaii.gov/web/kolea/home-page?'.</msg>
<status status="PASS" starttime="20190305 01:23:55.290" endtime="20190305 01:24:06.432"></status>
</kw>
<kw name="Set Selenium Speed" library="SeleniumLibrary">
<doc>Sets the delay that is waited after each Selenium command.</doc>
<arguments>
<arg>${Selenium_Speed}</arg>
</arguments>
<status status="PASS" starttime="20190305 01:24:06.432" endtime="20190305 01:24:06.433"></status>
</kw>
<kw name="Wait for LifeRay Home Page" library="KOLEA_Key_Words">
<kw name="Wait Until Element Is Visible" library="SeleniumLibrary">
<doc>Waits until element ``locator`` is visible.</doc>
<arguments>
<arg>${Path_LifeRay_Home_Page_Footer}</arg>
<arg>${Wait_10_Sec}</arg>
</arguments>
<status status="PASS" starttime="20190305 01:24:06.435" endtime="20190305 01:24:06.488"></status>
</kw>
<status status="PASS" starttime="20190305 01:24:06.434" endtime="20190305 01:24:06.490"></status>
</kw>
<kw name="Validate LifeRay Home Page" library="KOLEA_Key_Words">
<kw name="Should Have Image Large KOLEA Logo" library="KOLEA_Key_Words">
<kw name="Page Should Contain Image" library="SeleniumLibrary">
<doc>Verifies image identified by ``locator`` is found from current page.</doc>
<arguments>
<arg>${URL_Hawaii_Large_Logo}</arg>
</arguments>
<msg timestamp="20190305 01:24:06.514" level="INFO">Current page contains image 'https://uat02web.dhsie.hawaii.gov/hawaiiHIX/images/onegate/logo2.png'.</msg>
<status status="PASS" starttime="20190305 01:24:06.492" endtime="20190305 01:24:06.514"></status>
</kw>
<status status="PASS" starttime="20190305 01:24:06.492" endtime="20190305 01:24:06.515"></status>
</kw>
<kw name="Should Have Button" library="KOLEA_Key_Words">
<arguments>
<arg>${Value_Pre_Assessment}</arg>
</arguments>
<kw name="Page Should Contain Button" library="SeleniumLibrary">
<doc>Verifies button ``locator`` is found from current page.</doc>
<arguments>
<arg>${Button_Value}</arg>
</arguments>
<msg timestamp="20190305 01:24:06.537" level="INFO">Current page contains input 'Pre-Assessment'.</msg>
<status status="PASS" starttime="20190305 01:24:06.516" endtime="20190305 01:24:06.538"></status>
</kw>
<status status="PASS" starttime="20190305 01:24:06.515" endtime="20190305 01:24:06.538"></status>
</kw>
<kw name="Should Have Button" library="KOLEA_Key_Words">
<arguments>
<arg>${Value_Sign_In}</arg>
</arguments>
<kw name="Page Should Contain Button" library="SeleniumLibrary">
<doc>Verifies button ``locator`` is found from current page.</doc>
<arguments>
<arg>${Button_Value}</arg>
</arguments>
<msg timestamp="20190305 01:24:06.561" level="INFO">Current page contains input 'Sign In'.</msg>
<status status="PASS" starttime="20190305 01:24:06.540" endtime="20190305 01:24:06.561"></status>
</kw>
<status status="PASS" starttime="20190305 01:24:06.539" endtime="20190305 01:24:06.562"></status>
</kw>
<kw name="Should Have Button" library="KOLEA_Key_Words">
<arguments>
<arg>${Value_Apply_Now}</arg>
</arguments>
<kw name="Page Should Contain Button" library="SeleniumLibrary">
<doc>Verifies button ``locator`` is found from current page.</doc>
<arguments>
<arg>${Button_Value}</arg>
</arguments>
<msg timestamp="20190305 01:24:06.585" level="INFO">Current page contains input 'Apply Now'.</msg>
<status status="PASS" starttime="20190305 01:24:06.563" endtime="20190305 01:24:06.586"></status>
</kw>
<status status="PASS" starttime="20190305 01:24:06.562" endtime="20190305 01:24:06.586"></status>
</kw>
<kw name="Should Have Button" library="KOLEA_Key_Words">
<arguments>
<arg>${Value_Register_Now}</arg>
</arguments>
<kw name="Page Should Contain Button" library="SeleniumLibrary">
<doc>Verifies button ``locator`` is found from current page.</doc>
<arguments>
<arg>${Button_Value}</arg>
</arguments>
<msg timestamp="20190305 01:24:06.609" level="INFO">Current page contains input 'Register Now'.</msg>
<status status="PASS" starttime="20190305 01:24:06.588" endtime="20190305 01:24:06.609"></status>
</kw>
<status status="PASS" starttime="20190305 01:24:06.587" endtime="20190305 01:24:06.610"></status>
</kw>
<status status="PASS" starttime="20190305 01:24:06.491" endtime="20190305 01:24:06.610"></status>
</kw>
<status status="PASS" starttime="20190305 01:23:55.289" endtime="20190305 01:24:06.610"></status>
</kw>
<status status="PASS" starttime="20190305 01:23:55.289" endtime="20190305 01:24:06.611"></status>
</kw>
<kw name="Run Keyword If" library="BuiltIn">
<doc>Runs the given keyword with the given arguments, if ``condition`` is true.</doc>
<arguments>
<arg>'${Application}'=='${Value_IDM}'</arg>
<arg>Open IDM Home Page</arg>
</arguments>
<status status="PASS" starttime="20190305 01:24:06.611" endtime="20190305 01:24:06.612"></status>
</kw>
<kw name="Maximize Window" library="KOLEA_Key_Words">
<kw name="Maximize Browser Window" library="SeleniumLibrary">
<doc>Maximizes current browser window.</doc>
<status status="PASS" starttime="20190305 01:24:06.614" endtime="20190305 01:24:06.743"></status>
</kw>
<status status="PASS" starttime="20190305 01:24:06.613" endtime="20190305 01:24:06.744"></status>
</kw>
<status status="PASS" starttime="20190305 01:23:55.286" endtime="20190305 01:24:06.744"></status>
</kw>
<kw name="Click Apply Now" library="LifeRay_Key_Words">
<kw name="Click Button With Name" library="KOLEA_Key_Words">
<arguments>
<arg>${Value_Apply_Now}</arg>
</arguments>
<kw name="Click Button" library="SeleniumLibrary">
<doc>Clicks button identified by ``locator``.</doc>
<arguments>
<arg>${Button_Value}</arg>
</arguments>
<msg timestamp="20190305 01:24:06.747" level="INFO">Clicking button 'Apply Now'.</msg>
<status status="PASS" starttime="20190305 01:24:06.746" endtime="20190305 01:24:07.749"></status>
</kw>
<status status="PASS" starttime="20190305 01:24:06.745" endtime="20190305 01:24:07.750"></status>
</kw>
<kw name="Wait for Create Account Page" library="LifeRay_Key_Words">
<kw name="Wait Until Element Is Visible" library="SeleniumLibrary">
<doc>Waits until element ``locator`` is visible.</doc>
<arguments>
<arg>${Path_Create_Account_Heading}</arg>
<arg>${Wait_10_Sec}</arg>
</arguments>
<status status="PASS" starttime="20190305 01:24:07.753" endtime="20190305 01:24:07.816"></status>
</kw>
<status status="PASS" starttime="20190305 01:24:07.751" endtime="20190305 01:24:07.817"></status>
</kw>
<status status="PASS" starttime="20190305 01:24:06.745" endtime="20190305 01:24:07.817"></status>
</kw>
<kw name="Enter Account Information" library="LifeRay_Key_Words">
<assign>
<var>${LifeRay_New_User}</var>
</assign>
<kw name="Get Random Middle Initial" library="Variables">
<assign>
<var>${Random_Middle_Name}</var>
</assign>
<msg timestamp="20190305 01:24:07.820" level="INFO">${Random_Middle_Name} = C</msg>
<status status="PASS" starttime="20190305 01:24:07.819" endtime="20190305 01:24:07.820"></status>
</kw>
<kw name="Input Text" library="SeleniumLibrary">
<doc>Types the given ``text`` into text field identified by ``locator``.</doc>
<arguments>
<arg>${Path_Create_Acc_First_Name}</arg>
<arg>${Inp_First_Name}</arg>
</arguments>
<msg timestamp="20190305 01:24:07.822" level="INFO">Typing text 'Bernice' into text field '//input[contains(@id, 'firstName')]'.</msg>
<status status="PASS" starttime="20190305 01:24:07.821" endtime="20190305 01:24:07.959"></status>
</kw>
<kw name="Input Text" library="SeleniumLibrary">
<doc>Types the given ``text`` into text field identified by ``locator``.</doc>
<arguments>
<arg>${Path_Create_Acc_Last_Name}</arg>
<arg>${Inp_Last_Name}</arg>
</arguments>
<msg timestamp="20190305 01:24:07.961" level="INFO">Typing text 'Winkleman' into text field '//input[contains(@id, 'lastName')]'.</msg>
<status status="PASS" starttime="20190305 01:24:07.960" endtime="20190305 01:24:08.099"></status>
</kw>
<kw name="Input Text" library="SeleniumLibrary">
<doc>Types the given ``text`` into text field identified by ``locator``.</doc>
<arguments>
<arg>${Path_Create_Acc_Email}</arg>
<arg>${Inp_Email}</arg>
</arguments>
<msg timestamp="20190305 01:24:08.101" level="INFO">Typing text 'crtYeu.automation937@gmail.com' into text field '//input[contains(@id, 'emailAddress')]'.</msg>
<status status="PASS" starttime="20190305 01:24:08.100" endtime="20190305 01:24:08.404"></status>
</kw>
<kw name="Input Text" library="SeleniumLibrary">
<doc>Types the given ``text`` into text field identified by ``locator``.</doc>
<arguments>
<arg>${Path_Create_Acc_reEnter_Email}</arg>
<arg>${Inp_Email}</arg>
</arguments>
<msg timestamp="20190305 01:24:08.406" level="INFO">Typing text 'crtYeu.automation937@gmail.com' into text field '//input[contains(@id, 'reEnterEmail')]'.</msg>
<status status="PASS" starttime="20190305 01:24:08.405" endtime="20190305 01:24:08.661"></status>
</kw>
<kw name="Catenate" library="BuiltIn">
<doc>Catenates the given items together and returns the resulted string.</doc>
<arguments>
<arg>${Inp_First_Name}${Inp_Last_Name}${Random_Middle_Name}</arg>
</arguments>
<assign>
<var>${Inp_User_Name}</var>
</assign>
<msg timestamp="20190305 01:24:08.663" level="INFO">${Inp_User_Name} = BerniceWinklemanC</msg>
<status status="PASS" starttime="20190305 01:24:08.662" endtime="20190305 01:24:08.663"></status>
</kw>
<kw name="Log" library="BuiltIn">
<doc>Logs the given message with the given level.</doc>
<arguments>
<arg>${Inp_User_Name}</arg>
</arguments>
<msg timestamp="20190305 01:24:08.664" level="INFO">BerniceWinklemanC</msg>
<status status="PASS" starttime="20190305 01:24:08.663" endtime="20190305 01:24:08.664"></status>
</kw>
<kw name="Input Text" library="SeleniumLibrary">
<doc>Types the given ``text`` into text field identified by ``locator``.</doc>
<arguments>
<arg>${Path_Create_Acc_Screen_Name}</arg>
<arg>${Inp_User_Name}</arg>
</arguments>
<msg timestamp="20190305 01:24:08.665" level="INFO">Typing text 'BerniceWinklemanC' into text field '//input[contains(@id, 'screenName')]'.</msg>
<status status="PASS" starttime="20190305 01:24:08.665" endtime="20190305 01:24:08.848"></status>
</kw>
<kw name="Input Text" library="SeleniumLibrary">
<doc>Types the given ``text`` into text field identified by ``locator``.</doc>
<arguments>
<arg>${Path_Create_Acc_Password1}</arg>
<arg>${Inp_password}</arg>
</arguments>
<msg timestamp="20190305 01:24:08.849" level="INFO">Typing text 'ocY,7$5cHo' into text field '//input[contains(@id, 'password1')]'.</msg>
<status status="PASS" starttime="20190305 01:24:08.848" endtime="20190305 01:24:08.998"></status>
</kw>
<kw name="Input Text" library="SeleniumLibrary">
<doc>Types the given ``text`` into text field identified by ``locator``.</doc>
<arguments>
<arg>${Path_Create_Acc_Password2}</arg>
<arg>${Inp_password}</arg>
</arguments>
<msg timestamp="20190305 01:24:08.999" level="INFO">Typing text 'ocY,7$5cHo' into text field '//input[contains(@id, 'password2')]'.</msg>
<status status="PASS" starttime="20190305 01:24:08.999" endtime="20190305 01:24:09.137"></status>
</kw>
<kw name="Set Suite Variable" library="BuiltIn">
<doc>Makes a variable available everywhere within the scope of the current suite.</doc>
<arguments>
<arg>${This_LifeRay_User_Name}</arg>
<arg>${Inp_User_Name}</arg>
</arguments>
<msg timestamp="20190305 01:24:09.140" level="INFO">${This_LifeRay_User_Name} = BerniceWinklemanC</msg>
<status status="PASS" starttime="20190305 01:24:09.139" endtime="20190305 01:24:09.140"></status>
</kw>
<kw name="Set Suite Variable" library="BuiltIn">
<doc>Makes a variable available everywhere within the scope of the current suite.</doc>
<arguments>
<arg>${This_LifeRay_Password}</arg>
<arg>${Inp_password}</arg>
</arguments>
<msg timestamp="20190305 01:24:09.142" level="INFO">${This_LifeRay_Password} = ocY,7$5cHo</msg>
<status status="PASS" starttime="20190305 01:24:09.141" endtime="20190305 01:24:09.142"></status>
</kw>
<kw name="Log" library="BuiltIn">
<doc>Logs the given message with the given level.</doc>
<arguments>
<arg>${Inp_password}</arg>
</arguments>
<msg timestamp="20190305 01:24:09.144" level="INFO">ocY,7$5cHo</msg>
<status status="PASS" starttime="20190305 01:24:09.144" endtime="20190305 01:24:09.145"></status>
</kw>
<kw name="Wait For Security Questions" library="LifeRay_Key_Words">
<kw name="Wait Until Element Is Enabled" library="SeleniumLibrary">
<doc>Waits until element ``locator`` is enabled.</doc>
<arguments>
<arg>${Path_Create_Acc_Security_q1}</arg>
<arg>${Wait_5_Min}</arg>
</arguments>
<status status="PASS" starttime="20190305 01:24:09.147" endtime="20190305 01:24:09.635"></status>
</kw>
<status status="PASS" starttime="20190305 01:24:09.146" endtime="20190305 01:24:09.636"></status>
</kw>
<kw name="Select First Option Of Security Question1" library="LifeRay_Key_Words">
<kw name="Select From List By Index" library="SeleniumLibrary">
<doc>Selects options from selection list ``locator`` by ``indexes``.</doc>
<arguments>
<arg>${Path_Create_Acc_Security_q1}</arg>
<arg>${Value_str_1}</arg>
</arguments>
<msg timestamp="20190305 01:24:09.639" level="INFO">Selecting options from selection list '//select[contains(@id, 'q1')]' by index 1.</msg>
<status status="PASS" starttime="20190305 01:24:09.638" endtime="20190305 01:24:09.768"></status>
</kw>
<status status="PASS" starttime="20190305 01:24:09.637" endtime="20190305 01:24:09.769"></status>
</kw>
<kw name="Input Text" library="SeleniumLibrary">
<doc>Types the given ``text`` into text field identified by ``locator``.</doc>
<arguments>
<arg>${Path_Create_Acc_answer1}</arg>
<arg>${Value_answer1}</arg>
</arguments>
<msg timestamp="20190305 01:24:09.771" level="INFO">Typing text 'answer1' into text field '//input[contains(@id, 'answer1')]'.</msg>
<status status="PASS" starttime="20190305 01:24:09.770" endtime="20190305 01:24:09.925"></status>
</kw>
<kw name="Select First Option Of Security Question2" library="LifeRay_Key_Words">
<kw name="Select From List By Index" library="SeleniumLibrary">
<doc>Selects options from selection list ``locator`` by ``indexes``.</doc>
<arguments>
<arg>${Path_Create_Acc_Security_q2}</arg>
<arg>${Value_str_1}</arg>
</arguments>
<msg timestamp="20190305 01:24:09.928" level="INFO">Selecting options from selection list '//select[contains(@id, 'q2')]' by index 1.</msg>
<status status="PASS" starttime="20190305 01:24:09.927" endtime="20190305 01:24:10.077"></status>
</kw>
<status status="PASS" starttime="20190305 01:24:09.926" endtime="20190305 01:24:10.078"></status>
</kw>
<kw name="Input Text" library="SeleniumLibrary">
<doc>Types the given ``text`` into text field identified by ``locator``.</doc>
<arguments>
<arg>${Path_Create_Acc_answer2}</arg>
<arg>${Value_answer2}</arg>
</arguments>
<msg timestamp="20190305 01:24:10.080" level="INFO">Typing text 'answer2' into text field '//input[contains(@id, 'answer2')]'.</msg>
<status status="PASS" starttime="20190305 01:24:10.079" endtime="20190305 01:24:10.207"></status>
</kw>
<kw name="Select First Option Of Security Question3" library="LifeRay_Key_Words">
<kw name="Select From List By Index" library="SeleniumLibrary">
<doc>Selects options from selection list ``locator`` by ``indexes``.</doc>
<arguments>
<arg>${Path_Create_Acc_Security_q3}</arg>
<arg>${Value_str_1}</arg>
</arguments>
<msg timestamp="20190305 01:24:10.209" level="INFO">Selecting options from selection list '//select[contains(@id, 'q3')]' by index 1.</msg>
<status status="PASS" starttime="20190305 01:24:10.209" endtime="20190305 01:24:10.322"></status>
</kw>
<status status="PASS" starttime="20190305 01:24:10.208" endtime="20190305 01:24:10.323"></status>
</kw>
<kw name="Input Text" library="SeleniumLibrary">
<doc>Types the given ``text`` into text field identified by ``locator``.</doc>
<arguments>
<arg>${Path_Create_Acc_answer3}</arg>
<arg>${Value_answer3}</arg>
</arguments>
<msg timestamp="20190305 01:24:10.325" level="INFO">Typing text 'answer3' into text field '//input[contains(@id, 'answer3')]'.</msg>
<status status="PASS" starttime="20190305 01:24:10.324" endtime="20190305 01:24:10.466"></status>
</kw>
<kw name="Select No For Registering As A Counselor" library="LifeRay_Key_Words">
<kw name="Click Element" library="SeleniumLibrary">
<doc>Click element identified by ``locator``.</doc>
<arguments>
<arg>${Path_Create_Acc_As_Counselor_No}</arg>
</arguments>
<msg timestamp="20190305 01:24:10.467" level="INFO">Clicking element '//input[@type='radio' and @value=2]'.</msg>
<status status="PASS" starttime="20190305 01:24:10.467" endtime="20190305 01:24:10.543"></status>
</kw>
<status status="PASS" starttime="20190305 01:24:10.466" endtime="20190305 01:24:10.544"></status>
</kw>
<kw name="Get Security Question1" library="LifeRay_Key_Words">
<assign>
<var>${Inp_Q1}</var>
</assign>
<kw name="Get Selected List Value" library="SeleniumLibrary">
<doc>Returns value of selected option from selection list ``locator``.</doc>
<arguments>
<arg>${Path_Create_Acc_Security_q1}</arg>
</arguments>
<assign>
<var>${res}</var>
</assign>
<msg timestamp="20190305 01:24:10.611" level="INFO">${res} = 63#What industry was your first job in?</msg>
<status status="PASS" starttime="20190305 01:24:10.546" endtime="20190305 01:24:10.611"></status>
</kw>
<msg timestamp="20190305 01:24:10.612" level="INFO">${Inp_Q1} = 63#What industry was your first job in?</msg>
<status status="PASS" starttime="20190305 01:24:10.545" endtime="20190305 01:24:10.612"></status>
</kw>
<kw name="Get Security Question2" library="LifeRay_Key_Words">
<assign>
<var>${Inp_Q2}</var>
</assign>
<kw name="Get Selected List Value" library="SeleniumLibrary">
<doc>Returns value of selected option from selection list ``locator``.</doc>
<arguments>
<arg>${Path_Create_Acc_Security_q2}</arg>
</arguments>
<assign>
<var>${res}</var>
</assign>
<msg timestamp="20190305 01:24:10.677" level="INFO">${res} = 70#What was your first cat's name?</msg>
<status status="PASS" starttime="20190305 01:24:10.613" endtime="20190305 01:24:10.677"></status>
</kw>
<msg timestamp="20190305 01:24:10.678" level="INFO">${Inp_Q2} = 70#What was your first cat's name?</msg>
<status status="PASS" starttime="20190305 01:24:10.612" endtime="20190305 01:24:10.679"></status>
</kw>
<kw name="Get Security Question3" library="LifeRay_Key_Words">
<assign>
<var>${Inp_Q3}</var>
</assign>
<kw name="Get Selected List Value" library="SeleniumLibrary">
<doc>Returns value of selected option from selection list ``locator``.</doc>
<arguments>
<arg>${Path_Create_Acc_Security_q3}</arg>
</arguments>
<assign>
<var>${res}</var>
</assign>
<msg timestamp="20190305 01:24:10.757" level="INFO">${res} = 32#What is your all time favorite book?</msg>
<status status="PASS" starttime="20190305 01:24:10.680" endtime="20190305 01:24:10.758"></status>
</kw>
<msg timestamp="20190305 01:24:10.758" level="INFO">${Inp_Q3} = 32#What is your all time favorite book?</msg>
<status status="PASS" starttime="20190305 01:24:10.679" endtime="20190305 01:24:10.759"></status>
</kw>
<kw name="Click Create Account Button" library="LifeRay_Key_Words">
<kw name="Click Button With Name" library="KOLEA_Key_Words">
<arguments>
<arg>${Value_koleaCreateAccount}</arg>
</arguments>
<kw name="Click Button" library="SeleniumLibrary">
<doc>Clicks button identified by ``locator``.</doc>
<arguments>
<arg>${Button_Value}</arg>
</arguments>
<msg timestamp="20190305 01:24:10.761" level="INFO">Clicking button 'koleaCreateAccount'.</msg>
<status status="PASS" starttime="20190305 01:24:10.761" endtime="20190305 01:24:18.497"></status>
</kw>
<status status="PASS" starttime="20190305 01:24:10.760" endtime="20190305 01:24:18.498"></status>
</kw>
<status status="PASS" starttime="20190305 01:24:10.759" endtime="20190305 01:24:18.499"></status>
</kw>
<kw name="Set To Dictionary" library="Collections">
<doc>Adds the given ``key_value_pairs`` and ``items`` to the ``dictionary``.</doc>
<arguments>
<arg>${LifeRay_New_User}</arg>
<arg>${Value_First_Name}=${Inp_First_Name}</arg>
<arg>${Value_Last_Name}=${Inp_Last_Name}</arg>
</arguments>
<status status="PASS" starttime="20190305 01:24:18.500" endtime="20190305 01:24:18.502"></status>
</kw>
<kw name="Set To Dictionary" library="Collections">
<doc>Adds the given ``key_value_pairs`` and ``items`` to the ``dictionary``.</doc>
<arguments>
<arg>${LifeRay_New_User}</arg>
<arg>${Value_Last_Name}=${Inp_Last_Name}</arg>
<arg>${Value_emailAddress}=${Inp_Email}</arg>
</arguments>
<status status="PASS" starttime="20190305 01:24:18.503" endtime="20190305 01:24:18.505"></status>
</kw>
<kw name="Set To Dictionary" library="Collections">
<doc>Adds the given ``key_value_pairs`` and ``items`` to the ``dictionary``.</doc>
<arguments>
<arg>${LifeRay_New_User}</arg>
<arg>${Value_User_Name}=${Inp_User_Name}</arg>
<arg>${Value_Password}=${Inp_password}</arg>
</arguments>
<status status="PASS" starttime="20190305 01:24:18.505" endtime="20190305 01:24:18.507"></status>
</kw>
<kw name="Set To Dictionary" library="Collections">
<doc>Adds the given ``key_value_pairs`` and ``items`` to the ``dictionary``.</doc>
<arguments>
<arg>${LifeRay_New_User}</arg>
<arg>${Value_q1}=${Inp_Q1}</arg>
<arg>${Value_q2}=${Inp_Q2}</arg>
<arg>${Value_q3}=${Inp_Q3}</arg>
</arguments>
<status status="PASS" starttime="20190305 01:24:18.507" endtime="20190305 01:24:18.509"></status>
</kw>
<kw name="Set To Dictionary" library="Collections">
<doc>Adds the given ``key_value_pairs`` and ``items`` to the ``dictionary``.</doc>
<arguments>
<arg>${LifeRay_New_User}</arg>
<arg>${Value_answer1}=${Value_answer1}</arg>
<arg>${Value_answer2}=${Value_answer2}</arg>
</arguments>
<status status="PASS" starttime="20190305 01:24:18.509" endtime="20190305 01:24:18.510"></status>
</kw>
<kw name="Set To Dictionary" library="Collections">
<doc>Adds the given ``key_value_pairs`` and ``items`` to the ``dictionary``.</doc>
<arguments>
<arg>${LifeRay_New_User}</arg>
<arg>${Value_answer3}=${Value_answer3}</arg>
<arg>${Value_Is_Counselor}=${Value_N}</arg>
</arguments>
<status status="PASS" starttime="20190305 01:24:18.511" endtime="20190305 01:24:18.511"></status>
</kw>
<kw name="Get Session Id" library="KOLEA_Key_Words">
<assign>
<var>${Session_id}</var>
</assign>
<kw name="Return Driver Props" library="Variables">
<assign>
<var>${conn_url}</var>
<var>${session_id}</var>
</assign>
<msg timestamp="20190305 01:24:18.513" level="INFO">${conn_url} = http://127.0.0.1:52296</msg>
<msg timestamp="20190305 01:24:18.513" level="INFO">${session_id} = 68f956a068b5b1304aff0dfbca345587</msg>
<status status="PASS" starttime="20190305 01:24:18.512" endtime="20190305 01:24:18.514"></status>
</kw>
<msg timestamp="20190305 01:24:18.514" level="INFO">${Session_id} = 68f956a068b5b1304aff0dfbca345587</msg>
<status status="PASS" starttime="20190305 01:24:18.512" endtime="20190305 01:24:18.514"></status>
</kw>
<kw name="Set To Dictionary" library="Collections">
<doc>Adds the given ``key_value_pairs`` and ``items`` to the ``dictionary``.</doc>
<arguments>
<arg>${LifeRay_New_User}</arg>
<arg>${Value_Session_Id}=${Session_id}</arg>
</arguments>
<status status="PASS" starttime="20190305 01:24:18.515" endtime="20190305 01:24:18.516"></status>
</kw>
<kw name="Get Current Date" library="DateTime">
<doc>Returns current local or UTC time with an optional increment.</doc>
<assign>
<var>${Value_Curr_Date}</var>
</assign>
<msg timestamp="20190305 01:24:18.517" level="INFO">${Value_Curr_Date} = 2019-03-05 01:24:18.517</msg>
<status status="PASS" starttime="20190305 01:24:18.516" endtime="20190305 01:24:18.518"></status>
</kw>
<kw name="Set To Dictionary" library="Collections">
<doc>Adds the given ``key_value_pairs`` and ``items`` to the ``dictionary``.</doc>
<arguments>
<arg>${LifeRay_New_User}</arg>
<arg>${Value_Creation_Date}= ${Value_Curr_Date}</arg>
<arg>${Value_Update_Date}= ${Value_Curr_Date}</arg>
</arguments>
<status status="PASS" starttime="20190305 01:24:18.520" endtime="20190305 01:24:18.521"></status>
</kw>
<msg timestamp="20190305 01:24:18.522" level="INFO">${LifeRay_New_User} = {'First_Name': 'Bernice', 'Last_Name': 'Winkleman', 'emailAddress': 'crtYeu.automation937@gmail.com', 'User_Name': 'BerniceWinklemanC', 'Password': 'ocY,7$5cHo', 'q1': '63#What industry was your first...</msg>
<status status="PASS" starttime="20190305 01:24:07.818" endtime="20190305 01:24:18.524"></status>
</kw>
<kw name="Log" library="BuiltIn">
<doc>Logs the given message with the given level.</doc>
<arguments>
<arg>${LifeRay_New_User}</arg>
</arguments>
<msg timestamp="20190305 01:24:18.525" level="INFO">{'First_Name': 'Bernice', 'Last_Name': 'Winkleman', 'emailAddress': 'crtYeu.automation937@gmail.com', 'User_Name': 'BerniceWinklemanC', 'Password': 'ocY,7$5cHo', 'q1': '63#What industry was your first job in?', 'q2': "70#What was your first cat's name?", 'q3': '32#What is your all time favorite book?', 'answer1': 'answer1', 'answer2': 'answer2', 'answer3': 'answer3', 'Is_Counselor': 'N', 'Session_Id': '68f956a068b5b1304aff0dfbca345587', 'Update_Date': ' 2019-03-05 01:24:18.517', '': ' 2019-03-05 01:24:18.517'}</msg>
<status status="PASS" starttime="20190305 01:24:18.524" endtime="20190305 01:24:18.526"></status>
</kw>
<kw name="Write LifeRay Account Details To Excel" library="LifeRay_Key_Words">
<arguments>
<arg>${LifeRay_New_User}</arg>
</arguments>
<kw name="Open Excel" library="ExcelLibrary">
<doc>Opens the Excel file from the path provided in the file name parameter.
If the boolean useTempDir is set to true, depending on the operating system of the computer running the test the file will be opened in the Temp directory if the operating system is Windows or tmp directory if it is not.</doc>
<arguments>
<arg>${File_Name_LifeRay_Accounts}</arg>
</arguments>
<status status="PASS" starttime="20190305 01:24:18.527" endtime="20190305 01:24:18.535"></status>
</kw>
<kw name="Get Sheet Names" library="ExcelLibrary">
<doc>Returns the names of all the worksheets in the current workbook.</doc>
<assign>
<var>${Names}</var>
</assign>
<msg timestamp="20190305 01:24:18.536" level="INFO">${Names} = ['Accounts']</msg>
<status status="PASS" starttime="20190305 01:24:18.536" endtime="20190305 01:24:18.537"></status>
</kw>
<kw name="Log" library="BuiltIn">
<doc>Logs the given message with the given level.</doc>
<arguments>
<arg>${Names}</arg>
</arguments>
<msg timestamp="20190305 01:24:18.538" level="INFO">['Accounts']</msg>
<status status="PASS" starttime="20190305 01:24:18.537" endtime="20190305 01:24:18.538"></status>
</kw>
<kw name="Log" library="BuiltIn">
<doc>Logs the given message with the given level.</doc>
<arguments>
<arg>${LifeRay_New_User}</arg>
</arguments>
<msg timestamp="20190305 01:24:18.539" level="INFO">{'First_Name': 'Bernice', 'Last_Name': 'Winkleman', 'emailAddress': 'crtYeu.automation937@gmail.com', 'User_Name': 'BerniceWinklemanC', 'Password': 'ocY,7$5cHo', 'q1': '63#What industry was your first job in?', 'q2': "70#What was your first cat's name?", 'q3': '32#What is your all time favorite book?', 'answer1': 'answer1', 'answer2': 'answer2', 'answer3': 'answer3', 'Is_Counselor': 'N', 'Session_Id': '68f956a068b5b1304aff0dfbca345587', 'Update_Date': ' 2019-03-05 01:24:18.517', '': ' 2019-03-05 01:24:18.517'}</msg>
<status status="PASS" starttime="20190305 01:24:18.539" endtime="20190305 01:24:18.540"></status>
</kw>
<kw name="Get Column Count" library="ExcelLibrary">
<doc>Returns the specific number of columns of the sheet name specified.</doc>
<arguments>
<arg>Accounts</arg>
</arguments>
<assign>
<var>${Col}</var>
</assign>
<msg timestamp="20190305 01:24:18.541" level="INFO">${Col} = 17</msg>
<status status="PASS" starttime="20190305 01:24:18.540" endtime="20190305 01:24:18.541"></status>
</kw>
<kw name="Get Row Count" library="ExcelLibrary">
<doc>Returns the specific number of rows of the sheet name specified.</doc>
<arguments>
<arg>Accounts</arg>
</arguments>
<assign>
<var>${Row}</var>
</assign>
<msg timestamp="20190305 01:24:18.543" level="INFO">${Row} = 6</msg>
<status status="PASS" starttime="20190305 01:24:18.542" endtime="20190305 01:24:18.543"></status>
</kw>
<kw name="Put Number To Cell" library="ExcelLibrary">
<doc>Using the sheet name the value of the indicated cell is set to be the number given in the parameter.</doc>
<arguments>
<arg>Accounts</arg>
<arg>${Col}</arg>
<arg>${Row}</arg>
<arg>${Col}</arg>
</arguments>
<status status="PASS" starttime="20190305 01:24:18.544" endtime="20190305 01:24:18.547"></status>
</kw>
<kw name="Get From Dictionary" library="Collections">
<doc>Returns a value from the given ``dictionary`` based on the given ``key``.</doc>
<arguments>
<arg>${LifeRay_New_User}</arg>
<arg>${Value_User_Name}</arg>
</arguments>
<assign>
<var>${Inp_User_Name}</var>
</assign>
<msg timestamp="20190305 01:24:18.549" level="INFO">${Inp_User_Name} = BerniceWinklemanC</msg>
<status status="PASS" starttime="20190305 01:24:18.548" endtime="20190305 01:24:18.549"></status>
</kw>
<kw name="Put String To Cell" library="ExcelLibrary">
<arguments>
<arg>Accounts</arg>
<arg>${Col}</arg>
<arg>${Row}</arg>
<arg>${Inp_User_Name}</arg>
</arguments>
<status status="PASS" starttime="20190305 01:24:18.550" endtime="20190305 01:24:18.551"></status>
</kw>
<kw name="Save Excel" library="ExcelLibrary">
<doc>Saves the Excel file indicated by file name, the useTempDir can be set to true if the user needs the file saved in the temporary directory.
If the boolean useTempDir is set to true, depending on the operating system of the computer running the test the file will be saved in the Temp directory if the operating system is Windows or tmp directory if it is not.
Arguments:
        |  File Name (string)                      | The name of the of the file to be saved.  |
        |  Use Temporary Directory (default=False) | The file will not be saved in a temporary directory by default. To activate and save the file in a temporary directory, pass 'True' in the variable. |
Example:</doc>
<arguments>
<arg>${File_Name_LifeRay_Accounts}</arg>
</arguments>
<msg timestamp="20190305 01:24:18.566" level="INFO">Got fname C:\Users\kuraroa\git\Unisys-Robot-QA-Automation\KOLEA-AQUA\Data_Files\LifeRay_Users.xlsx</msg>
<status status="PASS" starttime="20190305 01:24:18.552" endtime="20190305 01:24:18.566"></status>
</kw>
<status status="PASS" starttime="20190305 01:24:18.526" endtime="20190305 01:24:18.567"></status>
</kw>
<kw name="Capture Screen" library="KOLEA_Key_Words">
<kw name="Set Screenshot Directory" library="SeleniumLibrary">
<doc>Sets the directory for captured screenshots.</doc>
<arguments>
<arg>C:\\Users\\kuraroa\\git\\Unisys-Robot-QA-Automation\\KOLEA-AQUA/Screenshots</arg>
</arguments>
<status status="PASS" starttime="20190305 01:24:18.569" endtime="20190305 01:24:18.571"></status>
</kw>
<kw name="Capture Page Screenshot" library="SeleniumLibrary">
<doc>Takes screenshot of the current page and embeds it into log file.</doc>
<msg timestamp="20190305 01:24:18.995" level="INFO" html="yes">&lt;/td&gt;&lt;/tr&gt;&lt;tr&gt;&lt;td colspan="3"&gt;&lt;a href="Screenshots/selenium-screenshot-12.png"&gt;&lt;img src="Screenshots/selenium-screenshot-12.png" width="800px"&gt;&lt;/a&gt;</msg>
<status status="PASS" starttime="20190305 01:24:18.571" endtime="20190305 01:24:18.996"></status>
</kw>
<kw name="Log To Console" library="BuiltIn">
<doc>Logs the given message to the console.</doc>
<arguments>
<arg>${\n}Screenshot</arg>
</arguments>
<status status="PASS" starttime="20190305 01:24:18.997" endtime="20190305 01:24:18.998"></status>
</kw>
<status status="PASS" starttime="20190305 01:24:18.568" endtime="20190305 01:24:18.999"></status>
</kw>
<kw name="Close Browser" library="SeleniumLibrary" type="teardown">
<doc>Closes the current browser.</doc>
<status status="PASS" starttime="20190305 01:24:19.000" endtime="20190305 01:24:21.226"></status>
</kw>
<doc>Life ray Application intake.
Test driven way of reading from the excel sheet</doc>
<tags>
<tag>App Intake</tag>
<tag>Excel</tag>
<tag>IDM_Test</tag>
<tag>LifeRay</tag>
</tags>
<status status="PASS" starttime="20190305 01:23:55.285" endtime="20190305 01:24:21.227" critical="yes"></status>
</test>
<status status="PASS" starttime="20190305 01:23:54.323" endtime="20190305 01:24:21.228"></status>
</suite>
<status status="PASS" starttime="20190305 01:23:54.277" endtime="20190305 01:24:21.230"></status>
</suite>
<statistics>
<total>
<stat pass="1" fail="0">Critical Tests</stat>
<stat pass="1" fail="0">All Tests</stat>
</total>
<tag>
<stat pass="1" fail="0">App Intake</stat>
<stat pass="1" fail="0">Excel</stat>
<stat pass="1" fail="0">IDM_Test</stat>
<stat pass="1" fail="0">LifeRay</stat>
</tag>
<suite>
<stat pass="1" fail="0" id="s1" name="KOLEA-AQUA">KOLEA-AQUA</stat>
<stat pass="1" fail="0" id="s1-s1" name="Smoke-Test">KOLEA-AQUA.Smoke-Test</stat>
</suite>
</statistics>
<errors>
</errors>
</robot>
